[38;5;112m[Appium][0m Welcome to Appium v3.0.2
[38;5;112m[Appium][0m Non-default server args:
[38;5;112m[Appium][0m { basePath: [32m'/wd/hub'[39m, loglevel: [32m'info'[39m, port: [33m57566[39m }
[38;5;112m[Appium][0m Attempting to load driver uiautomator2...
[38;5;112m[Appium][0m Appium REST http interface listener started on http://0.0.0.0:57566/wd/hub
[38;5;112m[Appium][0m You can provide the following URLs in your client code to connect to this server:
	http://192.168.29.42:57566/wd/hub
	http://127.0.0.1:57566/wd/hub (only accessible from the same host)
[38;5;112m[Appium][0m Available drivers:
[38;5;112m[Appium][0m   - uiautomator2@5.0.3 (automationName 'UiAutomator2')
[38;5;112m[Appium][0m No plugins have been installed. Use the "appium plugin" command to install the one(s) you want to use.
[38;5;86m[HTTP][0m [37m-->[39m [37mGET[39m [37m/wd/hub/status[39m [90m[39m
[38;5;86m[HTTP][0m [37m<-- GET /wd/hub/status [39m[32m200[39m [90m3 ms - 110[39m [90m[39m
[38;5;86m[HTTP][0m [37m-->[39m [37mGET[39m [37m/wd/hub/status[39m [90m[39m
[38;5;86m[HTTP][0m [37m<-- GET /wd/hub/status [39m[32m200[39m [90m1 ms - 110[39m [90m[39m
[38;5;86m[HTTP][0m [37m-->[39m [37mPOST[39m [37m/wd/hub/session[39m [90m{"capabilities":{"firstMatch":[{"appium:app":"C:\\Users\\USER\\Downloads\\bikewashpro.apk","appium:autoGrantPermissions":true,"appium:automationName":"uiautomator2","appium:deviceName":"Nothing A015 (Android 15)","appium:fullReset":false,"appium:newCommandTimeout":1800,"appium:noReset":true,"appium:platformName":"ANDROID","appium:platformVersion":"15","appium:systemPort":57577,"appium:udid":"00116646S016789","platformName":"ANDROID"}]},"desiredCapabilities":{"appium:app":"C:\\Users\\USER\\Downloads\\bikewashpro.apk","appium:autoGrantPermissions":true,"appium:automationName":"uiautomator2","appium:deviceName":"Nothing A015 (Android 15)","appium:fullReset":false,"appium:newCommandTimeout":1800,"appium:noReset":true,"appium:platformName":"ANDROID","appium:platformVersion":"15","appium:systemPort":57577,"appium:udid":"00116646S016789"}}[39m
[38;5;123m[BaseDriver][0m The following arguments are not known and will be ignored: desiredCapabilities
[38;5;123m[BaseDriver][0m Ignoring capability 'appium:platformName=ANDROID' and using capability 'platformName=ANDROID'
[38;5;123m[BaseDriver][0m The capabilities ["platformName"] are standard capabilities and do not require "appium:" prefix
[38;5;112m[Appium][0m Attempting to find matching driver for automationName 'uiautomator2' and platformName 'ANDROID'
[38;5;112m[Appium][0m The 'uiautomator2' driver was installed and matched caps.
[38;5;112m[Appium][0m Will require it at C:\Users\USER\.appium\node_modules\appium-uiautomator2-driver
[38;5;152m[AppiumDriver@ad09][0m Appium v3.0.2 creating new AndroidUiautomator2Driver (v5.0.3) session
[38;5;152m[AppiumDriver@ad09][0m Checking BaseDriver versions for Appium and AndroidUiautomator2Driver
[38;5;152m[AppiumDriver@ad09][0m Appium's BaseDriver version is 10.0.1
[38;5;152m[AppiumDriver@ad09][0m AndroidUiautomator2Driver's BaseDriver version is 10.0.1
[38;5;164m[f21a9e68][0m[38;5;-183m[AndroidUiautomator2Driver@ba23][0m Session created with session id: f21a9e68-509d-4179-8b7f-ddf1e02f7b8f
[38;5;164m[f21a9e68][0m[38;5;229m[ADB][0m Found 2 'build-tools' folders under 'C:\Users\USER\AppData\Local\Android\Sdk' (newest first):
[38;5;164m[f21a9e68][0m[38;5;229m[ADB][0m     C:\Users\USER\AppData\Local\Android\Sdk\build-tools\33.0.2
[38;5;164m[f21a9e68][0m[38;5;229m[ADB][0m     C:\Users\USER\AppData\Local\Android\Sdk\build-tools\30.0.3
[38;5;164m[f21a9e68][0m[38;5;229m[ADB][0m Using 'adb.exe' from 'C:\Users\USER\AppData\Local\Android\Sdk\platform-tools\adb.exe'
[38;5;164m[f21a9e68][0m[38;5;-183m[AndroidUiautomator2Driver@ba23][0m Retrieving device list
[38;5;164m[f21a9e68][0m[38;5;-183m[AndroidUiautomator2Driver@ba23][0m Using device: 00116646S016789
[38;5;164m[f21a9e68][0m[38;5;229m[ADB][0m Using 'adb.exe' from 'C:\Users\USER\AppData\Local\Android\Sdk\platform-tools\adb.exe'
[38;5;164m[f21a9e68][0m[38;5;123m[BaseDriver][0m Using local app 'C:\Users\USER\Downloads\bikewashpro.apk'
[38;5;164m[f21a9e68][0m[38;5;229m[ADB][0m Getting device platform version
[38;5;164m[f21a9e68][0m[38;5;-183m[AndroidUiautomator2Driver@ba23][0m Relaxing hidden api policy
[38;5;164m[f21a9e68][0m[38;5;229m[ADB][0m Using 'aapt2.exe' from 'C:\Users\USER\AppData\Local\Android\Sdk\build-tools\33.0.2\aapt2.exe'
[38;5;164m[f21a9e68][0m[38;5;229m[ADB][0m Package name: 'com.nitin_yxko.bikewashapp'
[38;5;164m[f21a9e68][0m[38;5;229m[ADB][0m Main activity name: 'com.nitin_yxko.bikewashapp.MainActivity'
[38;5;164m[f21a9e68][0m[38;5;-183m[AndroidUiautomator2Driver@ba23][0m Server packages are not going to be (re)installed
[38;5;164m[f21a9e68][0m[38;5;229m[ADB][0m Adding packages ["io.appium.settings","io.appium.uiautomator2.server","io.appium.uiautomator2.server.test"] to Doze whitelist
[38;5;164m[f21a9e68][0m[38;5;229m[ADB][0m Using 'apksigner.jar' from 'C:\Users\USER\AppData\Local\Android\Sdk\build-tools\33.0.2\lib\apksigner.jar'
[38;5;164m[f21a9e68][0m[38;5;229m[ADB][0m 'C:\Users\USER\Downloads\bikewashpro.apk' is signed with a non-default certificate
[38;5;164m[f21a9e68][0m[38;5;229m[ADB][0m The application at 'C:\Users\USER\Downloads\bikewashpro.apk' will not be cached, because the device under test has confirmed the support of streamed installs
[38;5;164m[f21a9e68][0m[38;5;229m[ADB][0m The installation of 'bikewashpro.apk' took 4951ms
[38;5;164m[f21a9e68][0m[38;5;-183m[AndroidUiautomator2Driver@ba23][0m Starting UIAutomator2 server 8.1.1
[38;5;164m[f21a9e68][0m[38;5;-183m[AndroidUiautomator2Driver@ba23][0m Using UIAutomator2 server from 'C:\Users\USER\.appium\node_modules\appium-uiautomator2-driver\node_modules\appium-uiautomator2-server\apks\appium-uiautomator2-server-v8.1.1.apk' and test from 'C:\Users\USER\.appium\node_modules\appium-uiautomator2-driver\node_modules\appium-uiautomator2-server\apks\appium-uiautomator2-server-debug-androidTest.apk'
[38;5;164m[f21a9e68][0m[38;5;-183m[AndroidUiautomator2Driver@ba23][0m Waiting up to 30000ms for UiAutomator2 to be online...
[38;5;164m[f21a9e68][0m[38;5;-183m[AndroidUiautomator2Driver@ba23][0m socket hang up
[38;5;164m[f21a9e68][0m[38;5;-183m[AndroidUiautomator2Driver@ba23][0m Determined the downstream protocol as 'W3C'
[38;5;164m[f21a9e68][0m[38;5;-183m[AndroidUiautomator2Driver@ba23][0m Screen already unlocked, doing nothing
[38;5;164m[f21a9e68][0m[38;5;-183m[AndroidUiautomator2Driver@ba23][0m Starting 'com.nitin_yxko.bikewashapp/com.nitin_yxko.bikewashapp.MainActivity' and waiting for 'com.nitin_yxko.bikewashapp/com.nitin_yxko.bikewashapp.MainActivity'
[38;5;164m[f21a9e68][0m[38;5;152m[AppiumDriver@ad09][0m New AndroidUiautomator2Driver session created successfully, session f21a9e68-509d-4179-8b7f-ddf1e02f7b8f added to master session list
[38;5;164m[f21a9e68][0m[38;5;86m[HTTP][0m [37m<-- POST /wd/hub/session [39m[32m200[39m [90m8951 ms - 1243[39m [90m[39m
[38;5;86m[HTTP][0m [37m-->[39m [37mGET[39m [37m/status[39m [90m[39m
[38;5;86m[HTTP][0m [37m<-- GET /status [39m[33m404[39m [90m4 ms - 3069[39m [90m[39m
[38;5;164m[f21a9e68][0m[38;5;86m[HTTP][0m [37m-->[39m [37mPOST[39m [37m/wd/hub/session/f21a9e68-509d-4179-8b7f-ddf1e02f7b8f/timeouts[39m [90m{"implicit":60000}[39m
[38;5;164m[f21a9e68][0m[38;5;86m[HTTP][0m [37m<-- POST /wd/hub/session/f21a9e68-509d-4179-8b7f-ddf1e02f7b8f/timeouts [39m[32m200[39m [90m1 ms - 14[39m [90m[39m
[38;5;164m[f21a9e68][0m[38;5;86m[HTTP][0m [37m-->[39m [37mGET[39m [37m/wd/hub/session/f21a9e68-509d-4179-8b7f-ddf1e02f7b8f/source[39m [90m{}[39m
[38;5;164m[f21a9e68][0m[38;5;-183m[AndroidUiautomator2Driver@ba23][0m Driver proxy active, passing request on via HTTP proxy
[38;5;164m[f21a9e68][0m[38;5;-183m[AndroidUiautomator2Driver@ba23][0m Replacing sessionId e687842e-76ef-4c27-9ac8-2b823e13d752 with f21a9e68-509d-4179-8b7f-ddf1e02f7b8f
[38;5;164m[f21a9e68][0m[38;5;86m[HTTP][0m [37m<-- GET /wd/hub/session/f21a9e68-509d-4179-8b7f-ddf1e02f7b8f/source [39m[32m200[39m [90m969 ms - 28587[39m [90m[39m
[38;5;164m[f21a9e68][0m[38;5;86m[HTTP][0m [37m-->[39m [37mGET[39m [37m/wd/hub/session/f21a9e68-509d-4179-8b7f-ddf1e02f7b8f/screenshot[39m [90m{}[39m
[38;5;164m[f21a9e68][0m[38;5;86m[HTTP][0m [37m<-- GET /wd/hub/session/f21a9e68-509d-4179-8b7f-ddf1e02f7b8f/screenshot [39m[32m200[39m [90m351 ms - 271340[39m [90m[39m
[38;5;164m[f21a9e68][0m[38;5;86m[HTTP][0m [37m-->[39m [37mDELETE[39m [37m/wd/hub/session/f21a9e68-509d-4179-8b7f-ddf1e02f7b8f[39m [90m{}[39m
[38;5;164m[f21a9e68][0m[38;5;152m[AppiumDriver@ad09][0m Removing session f21a9e68-509d-4179-8b7f-ddf1e02f7b8f from our master session list
[38;5;164m[f21a9e68][0m[38;5;-183m[AndroidUiautomator2Driver@ba23][0m Did not get the confirmation of UiAutomator2 server session deletion. Original error: 'DELETE /' cannot be proxied to UiAutomator2 server because the instrumentation process is not running (probably crashed). Check the server log and/or the logcat output for more details
[38;5;164m[f21a9e68][0m[38;5;-183m[AndroidUiautomator2Driver@ba23][0m The UIA2 server did has not been terminated within 5000ms timeout. Continuing anyway
[38;5;164m[f21a9e68][0m[38;5;-183m[AndroidUiautomator2Driver@ba23][0m Restoring hidden api policy to the device default configuration
